2023/04/12 06:18:35 [notice] 1#1: using the "epoll" event method
2023/04/12 06:18:35 [notice] 1#1: nginx/1.21.3
2023/04/12 06:18:35 [notice] 1#1: built by gcc 10.3.1 20210424 (Alpine 10.3.1_git20210424) 
2023/04/12 06:18:35 [notice] 1#1: OS: Linux 5.15.0-67-generic
2023/04/12 06:18:35 [notice] 1#1: getrlimit(RLIMIT_NOFILE): 1048576:1048576
2023/04/12 06:18:35 [notice] 1#1: start worker processes
2023/04/12 06:18:35 [notice] 1#1: start worker process 32
2023/04/12 06:18:35 [notice] 1#1: start worker process 33
2023/04/12 06:18:35 [notice] 1#1: start worker process 34
2023/04/12 06:18:35 [notice] 1#1: start worker process 35
2023/04/12 06:18:35 [notice] 1#1: start worker process 36
2023/04/12 06:18:35 [notice] 1#1: start worker process 37
2023/04/12 06:18:35 [notice] 1#1: start worker process 38
2023/04/12 06:18:35 [notice] 1#1: start worker process 39
2023/04/12 06:18:35 [notice] 1#1: start worker process 40
2023/04/12 06:18:35 [notice] 1#1: start worker process 41
2023/04/12 06:18:35 [notice] 1#1: start worker process 42
2023/04/12 06:18:35 [notice] 1#1: start worker process 43
2023/04/12 06:19:17 [notice] 1#1: signal 3 (SIGQUIT) received, shutting down
2023/04/12 06:19:17 [notice] 32#32: gracefully shutting down
2023/04/12 06:19:17 [notice] 34#34: gracefully shutting down
2023/04/12 06:19:17 [notice] 36#36: gracefully shutting down
2023/04/12 06:19:17 [notice] 38#38: gracefully shutting down
2023/04/12 06:19:17 [notice] 32#32: exiting
2023/04/12 06:19:17 [notice] 34#34: exiting
2023/04/12 06:19:17 [notice] 35#35: gracefully shutting down
2023/04/12 06:19:17 [notice] 36#36: exiting
2023/04/12 06:19:17 [notice] 38#38: exiting
2023/04/12 06:19:17 [notice] 41#41: gracefully shutting down
2023/04/12 06:19:17 [notice] 35#35: exiting
2023/04/12 06:19:17 [notice] 41#41: exiting
2023/04/12 06:19:17 [notice] 34#34: exit
2023/04/12 06:19:17 [notice] 40#40: gracefully shutting down
2023/04/12 06:19:17 [notice] 36#36: exit
2023/04/12 06:19:17 [notice] 32#32: exit
2023/04/12 06:19:17 [notice] 38#38: exit
2023/04/12 06:19:17 [notice] 35#35: exit
2023/04/12 06:19:17 [notice] 41#41: exit
2023/04/12 06:19:17 [notice] 40#40: exiting
2023/04/12 06:19:17 [notice] 40#40: exit
2023/04/12 06:19:17 [notice] 39#39: gracefully shutting down
2023/04/12 06:19:17 [notice] 39#39: exiting
2023/04/12 06:19:17 [notice] 39#39: exit
2023/04/12 06:19:17 [notice] 33#33: gracefully shutting down
2023/04/12 06:19:17 [notice] 42#42: gracefully shutting down
2023/04/12 06:19:17 [notice] 37#37: gracefully shutting down
2023/04/12 06:19:17 [notice] 33#33: exiting
2023/04/12 06:19:17 [notice] 42#42: exiting
2023/04/12 06:19:17 [notice] 37#37: exiting
2023/04/12 06:19:17 [notice] 42#42: exit
2023/04/12 06:19:17 [notice] 33#33: exit
2023/04/12 06:19:17 [notice] 37#37: exit
2023/04/12 06:19:17 [notice] 43#43: gracefully shutting down
2023/04/12 06:19:17 [notice] 43#43: exiting
2023/04/12 06:19:17 [notice] 43#43: exit
2023/04/12 06:19:17 [notice] 1#1: signal 17 (SIGCHLD) received from 40
2023/04/12 06:19:17 [notice] 1#1: worker process 40 exited with code 0
2023/04/12 06:19:17 [notice] 1#1: signal 29 (SIGIO) received
2023/04/12 06:19:17 [notice] 1#1: signal 17 (SIGCHLD) received from 36
2023/04/12 06:19:17 [notice] 1#1: worker process 36 exited with code 0
2023/04/12 06:19:17 [notice] 1#1: signal 29 (SIGIO) received
2023/04/12 06:19:17 [notice] 1#1: signal 17 (SIGCHLD) received from 32
2023/04/12 06:19:17 [notice] 1#1: worker process 32 exited with code 0
2023/04/12 06:19:17 [notice] 1#1: worker process 37 exited with code 0
2023/04/12 06:19:17 [notice] 1#1: signal 29 (SIGIO) received
2023/04/12 06:19:17 [notice] 1#1: signal 17 (SIGCHLD) received from 35
2023/04/12 06:19:17 [notice] 1#1: worker process 35 exited with code 0
2023/04/12 06:19:17 [notice] 1#1: worker process 42 exited with code 0
2023/04/12 06:19:17 [notice] 1#1: worker process 33 exited with code 0
2023/04/12 06:19:17 [notice] 1#1: worker process 43 exited with code 0
2023/04/12 06:19:17 [notice] 1#1: signal 29 (SIGIO) received
2023/04/12 06:19:17 [notice] 1#1: signal 17 (SIGCHLD) received from 42
2023/04/12 06:19:17 [notice] 1#1: worker process 34 exited with code 0
2023/04/12 06:19:17 [notice] 1#1: worker process 38 exited with code 0
2023/04/12 06:19:17 [notice] 1#1: worker process 41 exited with code 0
2023/04/12 06:19:17 [notice] 1#1: signal 29 (SIGIO) received
2023/04/12 06:19:17 [notice] 1#1: signal 17 (SIGCHLD) received from 34
2023/04/12 06:19:17 [notice] 1#1: signal 17 (SIGCHLD) received from 39
2023/04/12 06:19:17 [notice] 1#1: worker process 39 exited with code 0
2023/04/12 06:19:17 [notice] 1#1: exit
2023/04/12 06:19:18 [notice] 1#1: using the "epoll" event method
2023/04/12 06:19:18 [notice] 1#1: nginx/1.21.3
2023/04/12 06:19:18 [notice] 1#1: built by gcc 10.3.1 20210424 (Alpine 10.3.1_git20210424) 
2023/04/12 06:19:18 [notice] 1#1: OS: Linux 5.15.0-67-generic
2023/04/12 06:19:18 [notice] 1#1: getrlimit(RLIMIT_NOFILE): 1048576:1048576
2023/04/12 06:19:18 [notice] 1#1: start worker processes
2023/04/12 06:19:18 [notice] 1#1: start worker process 32
2023/04/12 06:19:18 [notice] 1#1: start worker process 33
2023/04/12 06:19:18 [notice] 1#1: start worker process 34
2023/04/12 06:19:18 [notice] 1#1: start worker process 35
2023/04/12 06:19:18 [notice] 1#1: start worker process 36
2023/04/12 06:19:18 [notice] 1#1: start worker process 37
2023/04/12 06:19:18 [notice] 1#1: start worker process 38
2023/04/12 06:19:18 [notice] 1#1: start worker process 39
2023/04/12 06:19:18 [notice] 1#1: start worker process 40
2023/04/12 06:19:18 [notice] 1#1: start worker process 41
2023/04/12 06:19:18 [notice] 1#1: start worker process 42
2023/04/12 06:19:18 [notice] 1#1: start worker process 43
2023/04/12 06:19:19 [notice] 1#1: signal 3 (SIGQUIT) received, shutting down
2023/04/12 06:19:19 [notice] 32#32: gracefully shutting down
2023/04/12 06:19:19 [notice] 33#33: gracefully shutting down
2023/04/12 06:19:19 [notice] 35#35: gracefully shutting down
2023/04/12 06:19:19 [notice] 37#37: gracefully shutting down
2023/04/12 06:19:19 [notice] 32#32: exiting
2023/04/12 06:19:19 [notice] 33#33: exiting
2023/04/12 06:19:19 [notice] 39#39: gracefully shutting down
2023/04/12 06:19:19 [notice] 35#35: exiting
2023/04/12 06:19:19 [notice] 37#37: exiting
2023/04/12 06:19:19 [notice] 43#43: gracefully shutting down
2023/04/12 06:19:19 [notice] 40#40: gracefully shutting down
2023/04/12 06:19:19 [notice] 38#38: gracefully shutting down
2023/04/12 06:19:19 [notice] 39#39: exiting
2023/04/12 06:19:19 [notice] 43#43: exiting
2023/04/12 06:19:19 [notice] 40#40: exiting
2023/04/12 06:19:19 [notice] 38#38: exiting
2023/04/12 06:19:19 [notice] 37#37: exit
2023/04/12 06:19:19 [notice] 35#35: exit
2023/04/12 06:19:19 [notice] 33#33: exit
2023/04/12 06:19:19 [notice] 32#32: exit
2023/04/12 06:19:19 [notice] 43#43: exit
2023/04/12 06:19:19 [notice] 40#40: exit
2023/04/12 06:19:19 [notice] 39#39: exit
2023/04/12 06:19:19 [notice] 38#38: exit
2023/04/12 06:19:19 [notice] 41#41: gracefully shutting down
2023/04/12 06:19:19 [notice] 41#41: exiting
2023/04/12 06:19:19 [notice] 41#41: exit
2023/04/12 06:19:19 [notice] 42#42: gracefully shutting down
2023/04/12 06:19:19 [notice] 42#42: exiting
2023/04/12 06:19:19 [notice] 36#36: gracefully shutting down
2023/04/12 06:19:19 [notice] 36#36: exiting
2023/04/12 06:19:19 [notice] 42#42: exit
2023/04/12 06:19:19 [notice] 36#36: exit
2023/04/12 06:19:19 [notice] 34#34: gracefully shutting down
2023/04/12 06:19:19 [notice] 34#34: exiting
2023/04/12 06:19:19 [notice] 34#34: exit
2023/04/12 06:19:19 [notice] 1#1: signal 17 (SIGCHLD) received from 38
2023/04/12 06:19:19 [notice] 1#1: worker process 38 exited with code 0
2023/04/12 06:19:19 [notice] 1#1: signal 29 (SIGIO) received
2023/04/12 06:19:19 [notice] 1#1: signal 17 (SIGCHLD) received from 35
2023/04/12 06:19:19 [notice] 1#1: worker process 35 exited with code 0
2023/04/12 06:19:19 [notice] 1#1: signal 29 (SIGIO) received
2023/04/12 06:19:19 [notice] 1#1: signal 17 (SIGCHLD) received from 43
2023/04/12 06:19:19 [notice] 1#1: worker process 43 exited with code 0
2023/04/12 06:19:19 [notice] 1#1: signal 29 (SIGIO) received
2023/04/12 06:19:19 [notice] 1#1: signal 17 (SIGCHLD) received from 37
2023/04/12 06:19:19 [notice] 1#1: worker process 33 exited with code 0
2023/04/12 06:19:19 [notice] 1#1: worker process 37 exited with code 0
2023/04/12 06:19:19 [notice] 1#1: signal 29 (SIGIO) received
2023/04/12 06:19:19 [notice] 1#1: signal 17 (SIGCHLD) received from 33
2023/04/12 06:19:19 [notice] 1#1: worker process 32 exited with code 0
2023/04/12 06:19:19 [notice] 1#1: worker process 34 exited with code 0
2023/04/12 06:19:19 [notice] 1#1: worker process 36 exited with code 0
2023/04/12 06:19:19 [notice] 1#1: worker process 39 exited with code 0
2023/04/12 06:19:19 [notice] 1#1: worker process 42 exited with code 0
2023/04/12 06:19:19 [notice] 1#1: signal 29 (SIGIO) received
2023/04/12 06:19:19 [notice] 1#1: signal 17 (SIGCHLD) received from 39
2023/04/12 06:19:19 [notice] 1#1: signal 17 (SIGCHLD) received from 40
2023/04/12 06:19:19 [notice] 1#1: worker process 40 exited with code 0
2023/04/12 06:19:19 [notice] 1#1: signal 29 (SIGIO) received
2023/04/12 06:19:19 [notice] 1#1: signal 17 (SIGCHLD) received from 41
2023/04/12 06:19:19 [notice] 1#1: worker process 41 exited with code 0
2023/04/12 06:19:19 [notice] 1#1: exit
2023/04/12 06:19:24 [notice] 1#1: using the "epoll" event method
2023/04/12 06:19:24 [notice] 1#1: nginx/1.21.3
2023/04/12 06:19:24 [notice] 1#1: built by gcc 10.3.1 20210424 (Alpine 10.3.1_git20210424) 
2023/04/12 06:19:24 [notice] 1#1: OS: Linux 5.15.0-67-generic
2023/04/12 06:19:24 [notice] 1#1: getrlimit(RLIMIT_NOFILE): 1048576:1048576
2023/04/12 06:19:24 [notice] 1#1: start worker processes
2023/04/12 06:19:24 [notice] 1#1: start worker process 32
2023/04/12 06:19:24 [notice] 1#1: start worker process 33
2023/04/12 06:19:24 [notice] 1#1: start worker process 34
2023/04/12 06:19:24 [notice] 1#1: start worker process 35
2023/04/12 06:19:24 [notice] 1#1: start worker process 36
2023/04/12 06:19:24 [notice] 1#1: start worker process 37
2023/04/12 06:19:24 [notice] 1#1: start worker process 38
2023/04/12 06:19:24 [notice] 1#1: start worker process 39
2023/04/12 06:19:24 [notice] 1#1: start worker process 40
2023/04/12 06:19:24 [notice] 1#1: start worker process 41
2023/04/12 06:19:24 [notice] 1#1: start worker process 42
2023/04/12 06:19:24 [notice] 1#1: start worker process 43
2023/04/12 06:20:36 [error] 32#32: *1 "/app/public/index.php" is forbidden (13: Permission denied), client: 172.26.0.1, server: _, request: "GET / HTTP/1.1", host: "localhost:7171"
2023/04/12 06:20:46 [error] 32#32: *1 "/app/public/index.php" is forbidden (13: Permission denied), client: 172.26.0.1, server: _, request: "GET / HTTP/1.1", host: "localhost:7171"
2023/04/12 06:21:08 [notice] 1#1: signal 3 (SIGQUIT) received, shutting down
2023/04/12 06:21:08 [notice] 32#32: gracefully shutting down
2023/04/12 06:21:08 [notice] 33#33: gracefully shutting down
2023/04/12 06:21:08 [notice] 34#34: gracefully shutting down
2023/04/12 06:21:08 [notice] 35#35: gracefully shutting down
2023/04/12 06:21:08 [notice] 38#38: gracefully shutting down
2023/04/12 06:21:08 [notice] 36#36: gracefully shutting down
2023/04/12 06:21:08 [notice] 39#39: gracefully shutting down
2023/04/12 06:21:08 [notice] 37#37: gracefully shutting down
2023/04/12 06:21:08 [notice] 40#40: gracefully shutting down
2023/04/12 06:21:08 [notice] 33#33: exiting
2023/04/12 06:21:08 [notice] 34#34: exiting
2023/04/12 06:21:08 [notice] 41#41: gracefully shutting down
2023/04/12 06:21:08 [notice] 35#35: exiting
2023/04/12 06:21:08 [notice] 43#43: gracefully shutting down
2023/04/12 06:21:08 [notice] 38#38: exiting
2023/04/12 06:21:08 [notice] 36#36: exiting
2023/04/12 06:21:08 [notice] 39#39: exiting
2023/04/12 06:21:08 [notice] 37#37: exiting
2023/04/12 06:21:08 [notice] 40#40: exiting
2023/04/12 06:21:08 [notice] 41#41: exiting
2023/04/12 06:21:08 [notice] 43#43: exiting
2023/04/12 06:21:08 [notice] 36#36: exit
2023/04/12 06:21:08 [notice] 35#35: exit
2023/04/12 06:21:08 [notice] 38#38: exit
2023/04/12 06:21:08 [notice] 39#39: exit
2023/04/12 06:21:08 [notice] 40#40: exit
2023/04/12 06:21:08 [notice] 34#34: exit
2023/04/12 06:21:08 [notice] 33#33: exit
2023/04/12 06:21:08 [notice] 41#41: exit
2023/04/12 06:21:08 [notice] 37#37: exit
2023/04/12 06:21:08 [notice] 43#43: exit
2023/04/12 06:21:08 [notice] 42#42: gracefully shutting down
2023/04/12 06:21:08 [notice] 42#42: exiting
2023/04/12 06:21:08 [notice] 42#42: exit
2023/04/12 06:21:08 [notice] 1#1: signal 17 (SIGCHLD) received from 39
2023/04/12 06:21:08 [notice] 1#1: worker process 39 exited with code 0
2023/04/12 06:21:08 [notice] 1#1: worker process 41 exited with code 0
2023/04/12 06:21:08 [notice] 1#1: signal 29 (SIGIO) received
2023/04/12 06:21:08 [notice] 1#1: signal 17 (SIGCHLD) received from 41
2023/04/12 06:21:08 [notice] 1#1: signal 17 (SIGCHLD) received from 38
2023/04/12 06:21:08 [notice] 1#1: worker process 38 exited with code 0
2023/04/12 06:21:08 [notice] 1#1: worker process 40 exited with code 0
2023/04/12 06:21:08 [notice] 1#1: signal 29 (SIGIO) received
2023/04/12 06:21:08 [notice] 1#1: signal 17 (SIGCHLD) received from 40
2023/04/12 06:21:08 [notice] 1#1: signal 17 (SIGCHLD) received from 43
2023/04/12 06:21:08 [notice] 1#1: worker process 43 exited with code 0
2023/04/12 06:21:08 [notice] 1#1: signal 29 (SIGIO) received
2023/04/12 06:21:08 [notice] 1#1: signal 17 (SIGCHLD) received from 42
2023/04/12 06:21:08 [notice] 1#1: worker process 42 exited with code 0
2023/04/12 06:21:08 [notice] 1#1: signal 29 (SIGIO) received
2023/04/12 06:21:08 [notice] 1#1: signal 17 (SIGCHLD) received from 33
2023/04/12 06:21:08 [notice] 1#1: worker process 33 exited with code 0
2023/04/12 06:21:08 [notice] 1#1: worker process 37 exited with code 0
2023/04/12 06:21:08 [notice] 1#1: signal 29 (SIGIO) received
2023/04/12 06:21:08 [notice] 1#1: signal 17 (SIGCHLD) received from 35
2023/04/12 06:21:08 [notice] 1#1: worker process 35 exited with code 0
2023/04/12 06:21:08 [notice] 1#1: signal 29 (SIGIO) received
2023/04/12 06:21:08 [notice] 1#1: signal 17 (SIGCHLD) received from 36
2023/04/12 06:21:08 [notice] 1#1: worker process 36 exited with code 0
2023/04/12 06:21:08 [notice] 1#1: signal 29 (SIGIO) received
2023/04/12 06:21:08 [notice] 1#1: signal 17 (SIGCHLD) received from 34
2023/04/12 06:21:08 [notice] 1#1: worker process 34 exited with code 0
2023/04/12 06:21:08 [notice] 1#1: signal 29 (SIGIO) received
2023/04/12 06:22:54 [notice] 1#1: using the "epoll" event method
2023/04/12 06:22:54 [notice] 1#1: nginx/1.21.3
2023/04/12 06:22:54 [notice] 1#1: built by gcc 10.3.1 20210424 (Alpine 10.3.1_git20210424) 
2023/04/12 06:22:54 [notice] 1#1: OS: Linux 5.15.0-67-generic
2023/04/12 06:22:54 [notice] 1#1: getrlimit(RLIMIT_NOFILE): 1048576:1048576
2023/04/12 06:22:54 [notice] 1#1: start worker processes
2023/04/12 06:22:54 [notice] 1#1: start worker process 32
2023/04/12 06:22:54 [notice] 1#1: start worker process 33
2023/04/12 06:22:54 [notice] 1#1: start worker process 34
2023/04/12 06:22:54 [notice] 1#1: start worker process 35
2023/04/12 06:22:54 [notice] 1#1: start worker process 36
2023/04/12 06:22:54 [notice] 1#1: start worker process 37
2023/04/12 06:22:54 [notice] 1#1: start worker process 38
2023/04/12 06:22:54 [notice] 1#1: start worker process 39
2023/04/12 06:22:54 [notice] 1#1: start worker process 40
2023/04/12 06:22:54 [notice] 1#1: start worker process 41
2023/04/12 06:22:54 [notice] 1#1: start worker process 42
2023/04/12 06:22:54 [notice] 1#1: start worker process 43
2023/04/12 06:22:56 [error] 32#32: *2 "/app/public/index.php" is forbidden (13: Permission denied), client: 172.27.0.1, server: _, request: "GET / HTTP/1.1", host: "localhost:7171"
2023/04/12 06:22:56 [error] 32#32: *2 "/app/public/index.php" is forbidden (13: Permission denied), client: 172.27.0.1, server: _, request: "GET / HTTP/1.1", host: "localhost:7171"
2023/04/12 06:22:57 [error] 32#32: *2 "/app/public/index.php" is forbidden (13: Permission denied), client: 172.27.0.1, server: _, request: "GET / HTTP/1.1", host: "localhost:7171"
2023/04/12 06:22:57 [error] 32#32: *2 "/app/public/index.php" is forbidden (13: Permission denied), client: 172.27.0.1, server: _, request: "GET / HTTP/1.1", host: "localhost:7171"
2023/04/12 06:22:57 [error] 32#32: *2 "/app/public/index.php" is forbidden (13: Permission denied), client: 172.27.0.1, server: _, request: "GET / HTTP/1.1", host: "localhost:7171"
2023/04/12 06:23:17 [error] 32#32: *3 "/app/public/index.php" is forbidden (13: Permission denied), client: 172.27.0.1, server: _, request: "GET / HTTP/1.1", host: "localhost:7171"
2023/04/12 06:24:47 [error] 32#32: *5 "/app/public/index.php" is forbidden (13: Permission denied), client: 172.27.0.1, server: _, request: "GET / HTTP/1.1", host: "localhost:7171"
2023/04/12 06:24:48 [error] 32#32: *5 "/app/public/index.php" is forbidden (13: Permission denied), client: 172.27.0.1, server: _, request: "GET / HTTP/1.1", host: "localhost:7171"
2023/04/12 06:24:48 [error] 32#32: *5 "/app/public/index.php" is forbidden (13: Permission denied), client: 172.27.0.1, server: _, request: "GET / HTTP/1.1", host: "localhost:7171"
2023/04/12 06:24:48 [error] 32#32: *5 "/app/public/index.php" is forbidden (13: Permission denied), client: 172.27.0.1, server: _, request: "GET / HTTP/1.1", host: "localhost:7171"
2023/04/12 06:24:48 [error] 32#32: *5 "/app/public/index.php" is forbidden (13: Permission denied), client: 172.27.0.1, server: _, request: "GET / HTTP/1.1", host: "localhost:7171"
2023/04/12 06:24:49 [error] 32#32: *5 "/app/public/index.php" is forbidden (13: Permission denied), client: 172.27.0.1, server: _, request: "GET / HTTP/1.1", host: "localhost:7171"
2023/04/12 06:24:49 [error] 32#32: *5 "/app/public/index.php" is forbidden (13: Permission denied), client: 172.27.0.1, server: _, request: "GET / HTTP/1.1", host: "localhost:7171"
2023/04/12 06:24:49 [error] 32#32: *5 "/app/public/index.php" is forbidden (13: Permission denied), client: 172.27.0.1, server: _, request: "GET / HTTP/1.1", host: "localhost:7171"
2023/04/12 06:25:15 [error] 32#32: *5 "/app/public/index.php" is forbidden (13: Permission denied), client: 172.27.0.1, server: _, request: "GET / HTTP/1.1", host: "localhost:7171"
2023/04/12 06:25:15 [error] 32#32: *5 "/app/public/index.php" is forbidden (13: Permission denied), client: 172.27.0.1, server: _, request: "GET / HTTP/1.1", host: "localhost:7171"
2023/04/12 06:25:16 [error] 32#32: *5 "/app/public/index.php" is forbidden (13: Permission denied), client: 172.27.0.1, server: _, request: "GET / HTTP/1.1", host: "localhost:7171"
2023/04/12 06:25:16 [error] 32#32: *5 "/app/public/index.php" is forbidden (13: Permission denied), client: 172.27.0.1, server: _, request: "GET / HTTP/1.1", host: "localhost:7171"
2023/04/12 06:35:44 [error] 32#32: *44 directory index of "/app/public/assets/images/" is forbidden, client: 172.27.0.1, server: _, request: "GET /assets/images/ HTTP/1.1", host: "localhost:7171", referrer: "http://localhost:7171/home"
2023/04/12 06:36:11 [error] 32#32: *37 directory index of "/app/public/assets/images/" is forbidden, client: 172.27.0.1, server: _, request: "GET /assets/images/ HTTP/1.1", host: "localhost:7171", referrer: "http://localhost:7171/home"
2023/04/12 06:36:14 [error] 32#32: *37 directory index of "/app/public/assets/images/" is forbidden, client: 172.27.0.1, server: _, request: "GET /assets/images/ HTTP/1.1", host: "localhost:7171", referrer: "http://localhost:7171/em/dashboard"
2023/04/12 06:36:15 [error] 32#32: *44 directory index of "/app/public/assets/images/" is forbidden, client: 172.27.0.1, server: _, request: "GET /assets/images/ HTTP/1.1", host: "localhost:7171", referrer: "http://localhost:7171/em/dashboard"
2023/04/12 06:37:11 [error] 33#33: *42 directory index of "/app/public/assets/images/" is forbidden, client: 172.27.0.1, server: _, request: "GET /assets/images/ HTTP/1.1", host: "localhost:7171", referrer: "http://localhost:7171/company/settings/page"
2023/04/12 06:37:19 [error] 32#32: *44 directory index of "/app/public/assets/images/" is forbidden, client: 172.27.0.1, server: _, request: "GET /assets/images/ HTTP/1.1", host: "localhost:7171", referrer: "http://localhost:7171/profile_user"
2023/04/12 06:37:19 [error] 33#33: *42 directory index of "/app/public/assets/images/" is forbidden, client: 172.27.0.1, server: _, request: "GET /assets/images/ HTTP/1.1", host: "localhost:7171", referrer: "http://localhost:7171/profile_user"
2023/04/12 06:37:51 [error] 32#32: *38 directory index of "/app/public/assets/images/" is forbidden, client: 172.27.0.1, server: _, request: "GET /assets/images/ HTTP/1.1", host: "localhost:7171", referrer: "http://localhost:7171/home"
2023/04/12 06:38:55 [error] 32#32: *38 directory index of "/app/public/assets/images/" is forbidden, client: 172.27.0.1, server: _, request: "GET /assets/images/ HTTP/1.1", host: "localhost:7171", referrer: "http://localhost:7171/all/employee/card"
2023/04/12 06:38:57 [error] 32#32: *38 directory index of "/app/public/assets/images/" is forbidden, client: 172.27.0.1, server: _, request: "GET /assets/images/ HTTP/1.1", host: "localhost:7171", referrer: "http://localhost:7171/all/employee/search"
2023/04/12 06:39:20 [error] 32#32: *70 directory index of "/app/public/assets/images/" is forbidden, client: 172.27.0.1, server: _, request: "GET /assets/images/ HTTP/1.1", host: "localhost:7171", referrer: "http://localhost:7171/all/employee/card"
2023/04/12 06:39:23 [error] 32#32: *38 directory index of "/app/public/assets/images/" is forbidden, client: 172.27.0.1, server: _, request: "GET /assets/images/ HTTP/1.1", host: "localhost:7171", referrer: "http://localhost:7171/all/employee/card"
2023/04/12 06:40:01 [error] 32#32: *38 directory index of "/app/public/assets/images/" is forbidden, client: 172.27.0.1, server: _, request: "GET /assets/images/ HTTP/1.1", host: "localhost:7171", referrer: "http://localhost:7171/all/employee/card"
2023/04/12 06:40:24 [error] 32#32: *38 directory index of "/app/public/assets/images/" is forbidden, client: 172.27.0.1, server: _, request: "GET /assets/images/ HTTP/1.1", host: "localhost:7171", referrer: "http://localhost:7171/all/employee/card"
2023/04/12 06:40:24 [error] 33#33: *42 directory index of "/app/public/assets/images/" is forbidden, client: 172.27.0.1, server: _, request: "GET /assets/images/ HTTP/1.1", host: "localhost:7171", referrer: "http://localhost:7171/all/employee/card"
2023/04/12 06:40:27 [error] 32#32: *38 directory index of "/app/public/assets/images/" is forbidden, client: 172.27.0.1, server: _, request: "GET /assets/images/ HTTP/1.1", host: "localhost:7171", referrer: "http://localhost:7171/all/employee/view/edit/KHM_0000000002"
2023/04/12 06:40:41 [error] 32#32: *85 directory index of "/app/public/assets/images/" is forbidden, client: 172.27.0.1, server: _, request: "GET /assets/images/ HTTP/1.1", host: "localhost:7171", referrer: "http://localhost:7171/profile_user"
2023/04/12 06:40:41 [error] 32#32: *86 directory index of "/app/public/assets/images/" is forbidden, client: 172.27.0.1, server: _, request: "GET /assets/images/ HTTP/1.1", host: "localhost:7171", referrer: "http://localhost:7171/profile_user"
2023/04/12 06:40:44 [error] 32#32: *87 directory index of "/app/public/assets/images/" is forbidden, client: 172.27.0.1, server: _, request: "GET /assets/images/ HTTP/1.1", host: "localhost:7171", referrer: "http://localhost:7171/profile_user"
2023/04/12 06:40:44 [error] 32#32: *86 directory index of "/app/public/assets/images/" is forbidden, client: 172.27.0.1, server: _, request: "GET /assets/images/ HTTP/1.1", host: "localhost:7171", referrer: "http://localhost:7171/profile_user"
2023/04/12 06:40:46 [error] 32#32: *86 directory index of "/app/public/assets/images/" is forbidden, client: 172.27.0.1, server: _, request: "GET /assets/images/ HTTP/1.1", host: "localhost:7171", referrer: "http://localhost:7171/company/settings/page"
